<?xml version="1.0" encoding="UTF-8"?>
<testng-results skipped="0" failed="0" ignored="0" total="2" passed="2">
  <reporter-output>
  </reporter-output>
  <suite name="Default suite" duration-ms="3902" started-at="2021-01-10T21:14:10 PST" finished-at="2021-01-10T21:14:14 PST">
    <groups>
    </groups>
    <test name="Default test" duration-ms="3902" started-at="2021-01-10T21:14:10 PST" finished-at="2021-01-10T21:14:14 PST">
      <class name="com.restassuredtestng.get.GetBasics">
        <test-method status="PASS" signature="getTest1()[pri:0, instance:com.restassuredtestng.get.GetBasics@5d76b067]" name="getTest1" duration-ms="3506" started-at="2021-01-10T21:14:10 PST" finished-at="2021-01-10T21:14:14 PST">
          <reporter-output>
          </reporter-output>
        </test-method> <!-- getTest1 -->
        <test-method status="PASS" signature="getTest2()[pri:0, instance:com.restassuredtestng.get.GetBasics@5d76b067]" name="getTest2" duration-ms="335" started-at="2021-01-10T21:14:14 PST" finished-at="2021-01-10T21:14:14 PST">
          <reporter-output>
          </reporter-output>
        </test-method> <!-- getTest2 -->
      </class> <!-- com.restassuredtestng.get.GetBasics -->
    </test> <!-- Default test -->
  </suite> <!-- Default suite -->
</testng-results>
